2013/11/25 01:08:39 [error] [exception.CException] exception 'CException' with message 'Alias "bootstrap.widgets.TbButton" is invalid. Make sure it points to an existing PHP file and the file is readable.' in /Applications/MAMP/htdocs/squeez/framework/YiiBase.php:322
Stack trace:
#0 /Applications/MAMP/htdocs/squeez/framework/web/CWidgetFactory.php(146): YiiBase::import('bootstrap.widge...', true)
#1 /Applications/MAMP/htdocs/squeez/framework/web/CBaseController.php(146): CWidgetFactory->createWidget(Object(SiteController), 'bootstrap.widge...', Array)
#2 /Applications/MAMP/htdocs/squeez/framework/web/CBaseController.php(172): CBaseController->createWidget('bootstrap.widge...', Array)
#3 /Applications/MAMP/htdocs/squeez/protected/views/site/index.php(26): CBaseController->widget('bootstrap.widge...', Array)
#4 /Applications/MAMP/htdocs/squeez/framework/web/CBaseController.php(126): require('/Applications/M...')
#5 /Applications/MAMP/htdocs/squeez/framework/web/CBaseController.php(95): CBaseController->renderInternal('/Applications/M...', NULL, true)
#6 /Applications/MAMP/htdocs/squeez/framework/web/CController.php(869): CBaseController->renderFile('/Applications/M...', NULL, true)
#7 /Applications/MAMP/htdocs/squeez/framework/web/CController.php(782): CController->renderPartial('index', NULL, true)
#8 /Applications/MAMP/htdocs/squeez/protected/controllers/SiteController.php(32): CController->render('index')
#9 /Applications/MAMP/htdocs/squeez/framework/web/actions/CInlineAction.php(49): SiteController->actionIndex()
#10 /Applications/MAMP/htdocs/squeez/framework/web/CController.php(308): CInlineAction->runWithParams(Array)
#11 /Applications/MAMP/htdocs/squeez/framework/web/CController.php(286): CController->runAction(Object(CInlineAction))
#12 /Applications/MAMP/htdocs/squeez/framework/web/CController.php(265): CController->runActionWithFilters(Object(CInlineAction), Array)
#13 /Applications/MAMP/htdocs/squeez/framework/web/CWebApplication.php(282): CController->run('')
#14 /Applications/MAMP/htdocs/squeez/framework/web/CWebApplication.php(141): CWebApplication->runController('')
#15 /Applications/MAMP/htdocs/squeez/framework/base/CApplication.php(180): CWebApplication->processRequest()
#16 /Applications/MAMP/htdocs/squeez/index.php(13): CApplication->run()
#17 {main}
REQUEST_URI=/squeez/index.php
HTTP_REFERER=http://localhost:8888/squeez/index.php/gii/form/index
---
2013/11/25 01:11:54 [error] [exception.CException] exception 'CException' with message 'Alias "bootstrap.widgets.TbButtonGroup" is invalid. Make sure it points to an existing PHP file and the file is readable.' in /Applications/MAMP/htdocs/squeez/framework/YiiBase.php:322
Stack trace:
#0 /Applications/MAMP/htdocs/squeez/framework/web/CWidgetFactory.php(146): YiiBase::import('bootstrap.widge...', true)
#1 /Applications/MAMP/htdocs/squeez/framework/web/CBaseController.php(146): CWidgetFactory->createWidget(Object(SiteController), 'bootstrap.widge...', Array)
#2 /Applications/MAMP/htdocs/squeez/framework/web/CBaseController.php(172): CBaseController->createWidget('bootstrap.widge...', Array)
#3 /Applications/MAMP/htdocs/squeez/protected/views/site/index.php(29): CBaseController->widget('bootstrap.widge...', Array)
#4 /Applications/MAMP/htdocs/squeez/framework/web/CBaseController.php(126): require('/Applications/M...')
#5 /Applications/MAMP/htdocs/squeez/framework/web/CBaseController.php(95): CBaseController->renderInternal('/Applications/M...', NULL, true)
#6 /Applications/MAMP/htdocs/squeez/framework/web/CController.php(869): CBaseController->renderFile('/Applications/M...', NULL, true)
#7 /Applications/MAMP/htdocs/squeez/framework/web/CController.php(782): CController->renderPartial('index', NULL, true)
#8 /Applications/MAMP/htdocs/squeez/protected/controllers/SiteController.php(32): CController->render('index')
#9 /Applications/MAMP/htdocs/squeez/framework/web/actions/CInlineAction.php(49): SiteController->actionIndex()
#10 /Applications/MAMP/htdocs/squeez/framework/web/CController.php(308): CInlineAction->runWithParams(Array)
#11 /Applications/MAMP/htdocs/squeez/framework/web/CController.php(286): CController->runAction(Object(CInlineAction))
#12 /Applications/MAMP/htdocs/squeez/framework/web/CController.php(265): CController->runActionWithFilters(Object(CInlineAction), Array)
#13 /Applications/MAMP/htdocs/squeez/framework/web/CWebApplication.php(282): CController->run('')
#14 /Applications/MAMP/htdocs/squeez/framework/web/CWebApplication.php(141): CWebApplication->runController('')
#15 /Applications/MAMP/htdocs/squeez/framework/base/CApplication.php(180): CWebApplication->processRequest()
#16 /Applications/MAMP/htdocs/squeez/index.php(13): CApplication->run()
#17 {main}
REQUEST_URI=/squeez/index.php
---
2013/11/25 01:15:38 [error] [exception.CException] exception 'CException' with message 'Alias "bootstrap.widgets.TbButtonGroup" is invalid. Make sure it points to an existing PHP file and the file is readable.' in /Applications/MAMP/htdocs/squeez/framework/YiiBase.php:322
Stack trace:
#0 /Applications/MAMP/htdocs/squeez/framework/web/CWidgetFactory.php(146): YiiBase::import('bootstrap.widge...', true)
#1 /Applications/MAMP/htdocs/squeez/framework/web/CBaseController.php(146): CWidgetFactory->createWidget(Object(SiteController), 'bootstrap.widge...', Array)
#2 /Applications/MAMP/htdocs/squeez/framework/web/CBaseController.php(172): CBaseController->createWidget('bootstrap.widge...', Array)
#3 /Applications/MAMP/htdocs/squeez/protected/views/site/index.php(29): CBaseController->widget('bootstrap.widge...', Array)
#4 /Applications/MAMP/htdocs/squeez/framework/web/CBaseController.php(126): require('/Applications/M...')
#5 /Applications/MAMP/htdocs/squeez/framework/web/CBaseController.php(95): CBaseController->renderInternal('/Applications/M...', NULL, true)
#6 /Applications/MAMP/htdocs/squeez/framework/web/CController.php(869): CBaseController->renderFile('/Applications/M...', NULL, true)
#7 /Applications/MAMP/htdocs/squeez/framework/web/CController.php(782): CController->renderPartial('index', NULL, true)
#8 /Applications/MAMP/htdocs/squeez/protected/controllers/SiteController.php(32): CController->render('index')
#9 /Applications/MAMP/htdocs/squeez/framework/web/actions/CInlineAction.php(49): SiteController->actionIndex()
#10 /Applications/MAMP/htdocs/squeez/framework/web/CController.php(308): CInlineAction->runWithParams(Array)
#11 /Applications/MAMP/htdocs/squeez/framework/web/CController.php(286): CController->runAction(Object(CInlineAction))
#12 /Applications/MAMP/htdocs/squeez/framework/web/CController.php(265): CController->runActionWithFilters(Object(CInlineAction), Array)
#13 /Applications/MAMP/htdocs/squeez/framework/web/CWebApplication.php(282): CController->run('')
#14 /Applications/MAMP/htdocs/squeez/framework/web/CWebApplication.php(141): CWebApplication->runController('')
#15 /Applications/MAMP/htdocs/squeez/framework/base/CApplication.php(180): CWebApplication->processRequest()
#16 /Applications/MAMP/htdocs/squeez/index.php(13): CApplication->run()
#17 {main}
REQUEST_URI=/squeez/index.php
---
2013/11/25 01:22:50 [error] [exception.CException] exception 'CException' with message 'Alias "bootstrap.widgets.TbButtonGroup" is invalid. Make sure it points to an existing PHP file and the file is readable.' in /Applications/MAMP/htdocs/squeez/framework/YiiBase.php:322
Stack trace:
#0 /Applications/MAMP/htdocs/squeez/framework/web/CWidgetFactory.php(146): YiiBase::import('bootstrap.widge...', true)
#1 /Applications/MAMP/htdocs/squeez/framework/web/CBaseController.php(146): CWidgetFactory->createWidget(Object(SiteController), 'bootstrap.widge...', Array)
#2 /Applications/MAMP/htdocs/squeez/framework/web/CBaseController.php(172): CBaseController->createWidget('bootstrap.widge...', Array)
#3 /Applications/MAMP/htdocs/squeez/protected/views/site/index.php(29): CBaseController->widget('bootstrap.widge...', Array)
#4 /Applications/MAMP/htdocs/squeez/framework/web/CBaseController.php(126): require('/Applications/M...')
#5 /Applications/MAMP/htdocs/squeez/framework/web/CBaseController.php(95): CBaseController->renderInternal('/Applications/M...', NULL, true)
#6 /Applications/MAMP/htdocs/squeez/framework/web/CController.php(869): CBaseController->renderFile('/Applications/M...', NULL, true)
#7 /Applications/MAMP/htdocs/squeez/framework/web/CController.php(782): CController->renderPartial('index', NULL, true)
#8 /Applications/MAMP/htdocs/squeez/protected/controllers/SiteController.php(32): CController->render('index')
#9 /Applications/MAMP/htdocs/squeez/framework/web/actions/CInlineAction.php(49): SiteController->actionIndex()
#10 /Applications/MAMP/htdocs/squeez/framework/web/CController.php(308): CInlineAction->runWithParams(Array)
#11 /Applications/MAMP/htdocs/squeez/framework/web/CController.php(286): CController->runAction(Object(CInlineAction))
#12 /Applications/MAMP/htdocs/squeez/framework/web/CController.php(265): CController->runActionWithFilters(Object(CInlineAction), Array)
#13 /Applications/MAMP/htdocs/squeez/framework/web/CWebApplication.php(282): CController->run('')
#14 /Applications/MAMP/htdocs/squeez/framework/web/CWebApplication.php(141): CWebApplication->runController('')
#15 /Applications/MAMP/htdocs/squeez/framework/base/CApplication.php(180): CWebApplication->processRequest()
#16 /Applications/MAMP/htdocs/squeez/index.php(13): CApplication->run()
#17 {main}
REQUEST_URI=/squeez/index.php
---
2013/11/25 01:23:22 [error] [exception.CException] exception 'CException' with message 'Alias "bootstrap.widgets.TbButtonGroup" is invalid. Make sure it points to an existing PHP file and the file is readable.' in /Applications/MAMP/htdocs/squeez/framework/YiiBase.php:322
Stack trace:
#0 /Applications/MAMP/htdocs/squeez/framework/web/CWidgetFactory.php(146): YiiBase::import('bootstrap.widge...', true)
#1 /Applications/MAMP/htdocs/squeez/framework/web/CBaseController.php(146): CWidgetFactory->createWidget(Object(SiteController), 'bootstrap.widge...', Array)
#2 /Applications/MAMP/htdocs/squeez/framework/web/CBaseController.php(172): CBaseController->createWidget('bootstrap.widge...', Array)
#3 /Applications/MAMP/htdocs/squeez/protected/views/site/index.php(29): CBaseController->widget('bootstrap.widge...', Array)
#4 /Applications/MAMP/htdocs/squeez/framework/web/CBaseController.php(126): require('/Applications/M...')
#5 /Applications/MAMP/htdocs/squeez/framework/web/CBaseController.php(95): CBaseController->renderInternal('/Applications/M...', NULL, true)
#6 /Applications/MAMP/htdocs/squeez/framework/web/CController.php(869): CBaseController->renderFile('/Applications/M...', NULL, true)
#7 /Applications/MAMP/htdocs/squeez/framework/web/CController.php(782): CController->renderPartial('index', NULL, true)
#8 /Applications/MAMP/htdocs/squeez/protected/controllers/SiteController.php(32): CController->render('index')
#9 /Applications/MAMP/htdocs/squeez/framework/web/actions/CInlineAction.php(49): SiteController->actionIndex()
#10 /Applications/MAMP/htdocs/squeez/framework/web/CController.php(308): CInlineAction->runWithParams(Array)
#11 /Applications/MAMP/htdocs/squeez/framework/web/CController.php(286): CController->runAction(Object(CInlineAction))
#12 /Applications/MAMP/htdocs/squeez/framework/web/CController.php(265): CController->runActionWithFilters(Object(CInlineAction), Array)
#13 /Applications/MAMP/htdocs/squeez/framework/web/CWebApplication.php(282): CController->run('')
#14 /Applications/MAMP/htdocs/squeez/framework/web/CWebApplication.php(141): CWebApplication->runController('')
#15 /Applications/MAMP/htdocs/squeez/framework/base/CApplication.php(180): CWebApplication->processRequest()
#16 /Applications/MAMP/htdocs/squeez/index.php(13): CApplication->run()
#17 {main}
REQUEST_URI=/squeez/index.php
---
2013/11/25 01:28:20 [error] [exception.CException] exception 'CException' with message 'Alias "bootstrap.widgets.TbButtonGroup" is invalid. Make sure it points to an existing PHP file and the file is readable.' in /Applications/MAMP/htdocs/squeez/framework/YiiBase.php:322
Stack trace:
#0 /Applications/MAMP/htdocs/squeez/framework/web/CWidgetFactory.php(146): YiiBase::import('bootstrap.widge...', true)
#1 /Applications/MAMP/htdocs/squeez/framework/web/CBaseController.php(146): CWidgetFactory->createWidget(Object(SiteController), 'bootstrap.widge...', Array)
#2 /Applications/MAMP/htdocs/squeez/framework/web/CBaseController.php(172): CBaseController->createWidget('bootstrap.widge...', Array)
#3 /Applications/MAMP/htdocs/squeez/protected/views/site/index.php(29): CBaseController->widget('bootstrap.widge...', Array)
#4 /Applications/MAMP/htdocs/squeez/framework/web/CBaseController.php(126): require('/Applications/M...')
#5 /Applications/MAMP/htdocs/squeez/framework/web/CBaseController.php(95): CBaseController->renderInternal('/Applications/M...', NULL, true)
#6 /Applications/MAMP/htdocs/squeez/framework/web/CController.php(869): CBaseController->renderFile('/Applications/M...', NULL, true)
#7 /Applications/MAMP/htdocs/squeez/framework/web/CController.php(782): CController->renderPartial('index', NULL, true)
#8 /Applications/MAMP/htdocs/squeez/protected/controllers/SiteController.php(32): CController->render('index')
#9 /Applications/MAMP/htdocs/squeez/framework/web/actions/CInlineAction.php(49): SiteController->actionIndex()
#10 /Applications/MAMP/htdocs/squeez/framework/web/CController.php(308): CInlineAction->runWithParams(Array)
#11 /Applications/MAMP/htdocs/squeez/framework/web/CController.php(286): CController->runAction(Object(CInlineAction))
#12 /Applications/MAMP/htdocs/squeez/framework/web/CController.php(265): CController->runActionWithFilters(Object(CInlineAction), Array)
#13 /Applications/MAMP/htdocs/squeez/framework/web/CWebApplication.php(282): CController->run('')
#14 /Applications/MAMP/htdocs/squeez/framework/web/CWebApplication.php(141): CWebApplication->runController('')
#15 /Applications/MAMP/htdocs/squeez/framework/base/CApplication.php(180): CWebApplication->processRequest()
#16 /Applications/MAMP/htdocs/squeez/index.php(13): CApplication->run()
#17 {main}
REQUEST_URI=/squeez/index.php
---
